[ 50%] Built target calibration
[ 75%] [32mBuilding CXX object CMakeFiles/poseestimation.dir/src/PoseEstimation.cpp.o[0m
[100%] [32m[1mLinking CXX executable poseestimation[0m
[100%] Built target poseestimation
-- Install configuration: ""
-- Installing: /home/irene/dev_ws/src/irb120_PoseEstimation/irb120pe_detection/install/irb120pe_detection/lib/irb120pe_detection/calibration
-- Set runtime path of "/home/irene/dev_ws/src/irb120_PoseEstimation/irb120pe_detection/install/irb120pe_detection/lib/irb120pe_detection/calibration" to ""
-- Installing: /home/irene/dev_ws/src/irb120_PoseEstimation/irb120pe_detection/install/irb120pe_detection/lib/irb120pe_detection/poseestimation
-- Set runtime path of "/home/irene/dev_ws/src/irb120_PoseEstimation/irb120pe_detection/install/irb120pe_detection/lib/irb120pe_detection/poseestimation" to ""
-- Up-to-date: /home/irene/dev_ws/src/irb120_PoseEstimation/irb120pe_detection/install/irb120pe_detection/share/irb120pe_detection/python
-- Up-to-date: /home/irene/dev_ws/src/irb120_PoseEstimation/irb120pe_detection/install/irb120pe_detection/share/irb120pe_detection/python/yolo2.py
-- Up-to-date: /home/irene/dev_ws/src/irb120_PoseEstimation/irb120pe_detection/install/irb120pe_detection/share/irb120pe_detection/python/yolo1.py
-- Up-to-date: /home/irene/dev_ws/src/irb120_PoseEstimation/irb120pe_detection/install/irb120pe_detection/lib/irb120pe_detection/yolo1.py
-- Up-to-date: /home/irene/dev_ws/src/irb120_PoseEstimation/irb120pe_detection/install/irb120pe_detection/lib/irb120pe_detection/yolo2.py
-- Up-to-date: /home/irene/dev_ws/src/irb120_PoseEstimation/irb120pe_detection/install/irb120pe_detection/share/ament_index/resource_index/package_run_dependencies/irb120pe_detection
-- Up-to-date: /home/irene/dev_ws/src/irb120_PoseEstimation/irb120pe_detection/install/irb120pe_detection/share/ament_index/resource_index/parent_prefix_path/irb120pe_detection
-- Up-to-date: /home/irene/dev_ws/src/irb120_PoseEstimation/irb120pe_detection/install/irb120pe_detection/share/irb120pe_detection/environment/ament_prefix_path.sh
-- Up-to-date: /home/irene/dev_ws/src/irb120_PoseEstimation/irb120pe_detection/install/irb120pe_detection/share/irb120pe_detection/environment/ament_prefix_path.dsv
-- Up-to-date: /home/irene/dev_ws/src/irb120_PoseEstimation/irb120pe_detection/install/irb120pe_detection/share/irb120pe_detection/environment/path.sh
-- Up-to-date: /home/irene/dev_ws/src/irb120_PoseEstimation/irb120pe_detection/install/irb120pe_detection/share/irb120pe_detection/environment/path.dsv
-- Up-to-date: /home/irene/dev_ws/src/irb120_PoseEstimation/irb120pe_detection/install/irb120pe_detection/share/irb120pe_detection/local_setup.bash
-- Up-to-date: /home/irene/dev_ws/src/irb120_PoseEstimation/irb120pe_detection/install/irb120pe_detection/share/irb120pe_detection/local_setup.sh
-- Up-to-date: /home/irene/dev_ws/src/irb120_PoseEstimation/irb120pe_detection/install/irb120pe_detection/share/irb120pe_detection/local_setup.zsh
-- Up-to-date: /home/irene/dev_ws/src/irb120_PoseEstimation/irb120pe_detection/install/irb120pe_detection/share/irb120pe_detection/local_setup.dsv
-- Installing: /home/irene/dev_ws/src/irb120_PoseEstimation/irb120pe_detection/install/irb120pe_detection/share/irb120pe_detection/package.dsv
-- Up-to-date: /home/irene/dev_ws/src/irb120_PoseEstimation/irb120pe_detection/install/irb120pe_detection/share/ament_index/resource_index/packages/irb120pe_detection
-- Up-to-date: /home/irene/dev_ws/src/irb120_PoseEstimation/irb120pe_detection/install/irb120pe_detection/share/irb120pe_detection/cmake/irb120pe_detectionConfig.cmake
-- Up-to-date: /home/irene/dev_ws/src/irb120_PoseEstimation/irb120pe_detection/install/irb120pe_detection/share/irb120pe_detection/cmake/irb120pe_detectionConfig-version.cmake
-- Up-to-date: /home/irene/dev_ws/src/irb120_PoseEstimation/irb120pe_detection/install/irb120pe_detection/share/irb120pe_detection/package.xml
