-- The C compiler identification is GNU 11.3.0
-- The CXX compiler identification is GNU 11.3.0
-- Detecting C compiler ABI info
-- Detecting C compiler ABI info - done
-- Check for working C compiler: /usr/bin/cc - skipped
-- Detecting C compile features
-- Detecting C compile features - done
-- Detecting CXX compiler ABI info
-- Detecting CXX compiler ABI info - done
-- Check for working CXX compiler: /usr/bin/c++ - skipped
-- Detecting CXX compile features
-- Detecting CXX compile features - done
-- Found ament_cmake: 1.3.5 (/opt/ros/humble/share/ament_cmake/cmake)
-- Found Python3: /usr/bin/python3.10 (found version "3.10.6") found components: Interpreter 
-- Found ament_lint_auto: 0.12.6 (/opt/ros/humble/share/ament_lint_auto/cmake)
-- Found rclcpp: 16.0.4 (/opt/ros/humble/share/rclcpp/cmake)
-- Found rosidl_generator_c: 3.1.4 (/opt/ros/humble/share/rosidl_generator_c/cmake)
-- Found rosidl_adapter: 3.1.4 (/opt/ros/humble/share/rosidl_adapter/cmake)
-- Found rosidl_generator_cpp: 3.1.4 (/opt/ros/humble/share/rosidl_generator_cpp/cmake)
-- Using all available rosidl_typesupport_c: rosidl_typesupport_fastrtps_c;rosidl_typesupport_introspection_c
-- Using all available rosidl_typesupport_cpp: rosidl_typesupport_fastrtps_cpp;rosidl_typesupport_introspection_cpp
-- Found rmw_implementation_cmake: 6.1.1 (/opt/ros/humble/share/rmw_implementation_cmake/cmake)
-- Found rmw_cyclonedds_cpp: 1.3.4 (/opt/ros/humble/share/rmw_cyclonedds_cpp/cmake)
-- Using RMW implementation 'rmw_cyclonedds_cpp' as default
-- Performing Test CMAKE_HAVE_LIBC_PTHREAD
-- Performing Test CMAKE_HAVE_LIBC_PTHREAD - Success
-- Found Threads: TRUE  
-- Found OpenCV: /usr (found version "4.5.4") 
-- Added test 'cppcheck' to perform static code analysis on C / C++ code
-- Configured cppcheck include dirs: 
-- Configured cppcheck exclude dirs and/or files: 
-- Added test 'flake8' to check Python code syntax and style conventions
-- Added test 'lint_cmake' to check CMake code style
-- Added test 'pep257' to check Python code against some of the docstring style conventions in PEP 257
-- Added test 'uncrustify' to check C / C++ code style
-- Configured uncrustify additional arguments: 
-- Added test 'xmllint' to check XML markup files
-- Configuring done (0.9s)
-- Generating done (0.0s)
-- Build files have been written to: /home/irene/dev_ws/src/irb120_PoseEstimation/irb120pe_detection/build/irb120pe_detection
[ 50%] [32mBuilding CXX object CMakeFiles/poseestimation.dir/src/PoseEstimation.cpp.o[0m
[ 50%] [32mBuilding CXX object CMakeFiles/calibration.dir/src/calibration.cpp.o[0m
[ 75%] [32m[1mLinking CXX executable calibration[0m
[100%] [32m[1mLinking CXX executable poseestimation[0m
[100%] Built target calibration
[100%] Built target poseestimation
-- Install configuration: ""
-- Installing: /home/irene/dev_ws/src/irb120_PoseEstimation/irb120pe_detection/install/irb120pe_detection/lib/irb120pe_detection/calibration
-- Set runtime path of "/home/irene/dev_ws/src/irb120_PoseEstimation/irb120pe_detection/install/irb120pe_detection/lib/irb120pe_detection/calibration" to ""
-- Installing: /home/irene/dev_ws/src/irb120_PoseEstimation/irb120pe_detection/install/irb120pe_detection/lib/irb120pe_detection/poseestimation
-- Set runtime path of "/home/irene/dev_ws/src/irb120_PoseEstimation/irb120pe_detection/install/irb120pe_detection/lib/irb120pe_detection/poseestimation" to ""
-- Installing: /home/irene/dev_ws/src/irb120_PoseEstimation/irb120pe_detection/install/irb120pe_detection/share/irb120pe_detection/python
-- Installing: /home/irene/dev_ws/src/irb120_PoseEstimation/irb120pe_detection/install/irb120pe_detection/share/irb120pe_detection/python/yolo2.py
-- Installing: /home/irene/dev_ws/src/irb120_PoseEstimation/irb120pe_detection/install/irb120pe_detection/share/irb120pe_detection/python/yolo1.py
-- Installing: /home/irene/dev_ws/src/irb120_PoseEstimation/irb120pe_detection/install/irb120pe_detection/lib/irb120pe_detection/yolo1.py
-- Installing: /home/irene/dev_ws/src/irb120_PoseEstimation/irb120pe_detection/install/irb120pe_detection/lib/irb120pe_detection/yolo2.py
-- Installing: /home/irene/dev_ws/src/irb120_PoseEstimation/irb120pe_detection/install/irb120pe_detection/share/ament_index/resource_index/package_run_dependencies/irb120pe_detection
-- Installing: /home/irene/dev_ws/src/irb120_PoseEstimation/irb120pe_detection/install/irb120pe_detection/share/ament_index/resource_index/parent_prefix_path/irb120pe_detection
-- Installing: /home/irene/dev_ws/src/irb120_PoseEstimation/irb120pe_detection/install/irb120pe_detection/share/irb120pe_detection/environment/ament_prefix_path.sh
-- Installing: /home/irene/dev_ws/src/irb120_PoseEstimation/irb120pe_detection/install/irb120pe_detection/share/irb120pe_detection/environment/ament_prefix_path.dsv
-- Installing: /home/irene/dev_ws/src/irb120_PoseEstimation/irb120pe_detection/install/irb120pe_detection/share/irb120pe_detection/environment/path.sh
-- Installing: /home/irene/dev_ws/src/irb120_PoseEstimation/irb120pe_detection/install/irb120pe_detection/share/irb120pe_detection/environment/path.dsv
-- Installing: /home/irene/dev_ws/src/irb120_PoseEstimation/irb120pe_detection/install/irb120pe_detection/share/irb120pe_detection/local_setup.bash
-- Installing: /home/irene/dev_ws/src/irb120_PoseEstimation/irb120pe_detection/install/irb120pe_detection/share/irb120pe_detection/local_setup.sh
-- Installing: /home/irene/dev_ws/src/irb120_PoseEstimation/irb120pe_detection/install/irb120pe_detection/share/irb120pe_detection/local_setup.zsh
-- Installing: /home/irene/dev_ws/src/irb120_PoseEstimation/irb120pe_detection/install/irb120pe_detection/share/irb120pe_detection/local_setup.dsv
-- Installing: /home/irene/dev_ws/src/irb120_PoseEstimation/irb120pe_detection/install/irb120pe_detection/share/irb120pe_detection/package.dsv
-- Installing: /home/irene/dev_ws/src/irb120_PoseEstimation/irb120pe_detection/install/irb120pe_detection/share/ament_index/resource_index/packages/irb120pe_detection
-- Installing: /home/irene/dev_ws/src/irb120_PoseEstimation/irb120pe_detection/install/irb120pe_detection/share/irb120pe_detection/cmake/irb120pe_detectionConfig.cmake
-- Installing: /home/irene/dev_ws/src/irb120_PoseEstimation/irb120pe_detection/install/irb120pe_detection/share/irb120pe_detection/cmake/irb120pe_detectionConfig-version.cmake
-- Installing: /home/irene/dev_ws/src/irb120_PoseEstimation/irb120pe_detection/install/irb120pe_detection/share/irb120pe_detection/package.xml
