[0.148s] DEBUG:colcon:Command line arguments: ['/usr/bin/colcon', 'build']
[0.148s] DEBUG:colcon:Parsed command line arguments: Namespace(log_base=None, log_level=None, verb_name='build', build_base='build', install_base='install', merge_install=False, symlink_install=False, test_result_base=None, continue_on_error=False, executor='parallel', parallel_workers=20, event_handlers=None, ignore_user_meta=False, metas=['./colcon.meta'], base_paths=['.'], packages_ignore=None, packages_ignore_regex=None, paths=None, packages_up_to=None, packages_up_to_regex=None, packages_above=None, packages_above_and_dependencies=None, packages_above_depth=None, packages_select_by_dep=None, packages_skip_by_dep=None, packages_skip_up_to=None, packages_select_build_failed=False, packages_skip_build_finished=False, packages_select_test_failures=False, packages_skip_test_passed=False, packages_select=None, packages_skip=None, packages_select_regex=None, packages_skip_regex=None, packages_start=None, packages_end=None, allow_overriding=[], cmake_args=None, cmake_target=None, cmake_target_skip_unavailable=False, cmake_clean_cache=False, cmake_clean_first=False, cmake_force_configure=False, ament_cmake_args=None, catkin_cmake_args=None, catkin_skip_building_tests=False, verb_parser=<colcon_defaults.argument_parser.defaults.DefaultArgumentsDecorator object at 0x7f8bc98a2380>, verb_extension=<colcon_core.verb.build.BuildVerb object at 0x7f8bca0ad6c0>, main=<bound method BuildVerb.main of <colcon_core.verb.build.BuildVerb object at 0x7f8bca0ad6c0>>)
[0.163s] Level 1:colcon.colcon_core.package_discovery:discover_packages(colcon_meta) check parameters
[0.163s] Level 1:colcon.colcon_core.package_discovery:discover_packages(recursive) check parameters
[0.163s] Level 1:colcon.colcon_core.package_discovery:discover_packages(ignore) check parameters
[0.163s] Level 1:colcon.colcon_core.package_discovery:discover_packages(path) check parameters
[0.163s] Level 1:colcon.colcon_core.package_discovery:discover_packages(colcon_meta) discover
[0.163s] Level 1:colcon.colcon_core.package_discovery:discover_packages(recursive) discover
[0.163s] INFO:colcon.colcon_core.package_discovery:Crawling recursively for packages in '/home/irene/dev_ws/src/irb120_PoseEstimation/irb120pe_detection'
[0.163s] Level 1:colcon.colcon_core.package_identification:_identify(.) by extensions ['ignore', 'ignore_ament_install']
[0.163s] Level 1:colcon.colcon_core.package_identification:_identify(.) by extension 'ignore'
[0.163s] Level 1:colcon.colcon_core.package_identification:_identify(.) by extension 'ignore_ament_install'
[0.163s] Level 1:colcon.colcon_core.package_identification:_identify(.) by extensions ['colcon_pkg']
[0.163s] Level 1:colcon.colcon_core.package_identification:_identify(.) by extension 'colcon_pkg'
[0.163s] Level 1:colcon.colcon_core.package_identification:_identify(.) by extensions ['colcon_meta']
[0.163s] Level 1:colcon.colcon_core.package_identification:_identify(.) by extension 'colcon_meta'
[0.163s] Level 1:colcon.colcon_core.package_identification:_identify(.) by extensions ['ros']
[0.163s] Level 1:colcon.colcon_core.package_identification:_identify(.) by extension 'ros'
[0.171s] DEBUG:colcon.colcon_core.package_identification:Package '.' with type 'ros.ament_cmake' and name 'irb120pe_detection'
[0.171s] Level 1:colcon.colcon_core.package_discovery:discover_packages(recursive) using defaults
[0.171s] Level 1:colcon.colcon_core.package_discovery:discover_packages(ignore) discover
[0.171s] Level 1:colcon.colcon_core.package_discovery:discover_packages(ignore) using defaults
[0.171s] Level 1:colcon.colcon_core.package_discovery:discover_packages(path) discover
[0.171s] Level 1:colcon.colcon_core.package_discovery:discover_packages(path) using defaults
[0.182s] Level 1:colcon.colcon_core.package_discovery:discover_packages(prefix_path) check parameters
[0.182s] Level 1:colcon.colcon_core.package_discovery:discover_packages(prefix_path) discover
[0.184s] DEBUG:colcon.colcon_installed_package_information.package_discovery:Found 32 installed packages in /home/irene/dev_ws/install
[0.185s] DEBUG:colcon.colcon_installed_package_information.package_discovery:Found 367 installed packages in /opt/ros/humble
[0.186s] Level 1:colcon.colcon_core.package_discovery:discover_packages(prefix_path) using defaults
[0.218s] Level 5:colcon.colcon_core.verb:set package 'irb120pe_detection' build argument 'cmake_args' from command line to 'None'
[0.218s] Level 5:colcon.colcon_core.verb:set package 'irb120pe_detection' build argument 'cmake_target' from command line to 'None'
[0.219s] Level 5:colcon.colcon_core.verb:set package 'irb120pe_detection' build argument 'cmake_target_skip_unavailable' from command line to 'False'
[0.219s] Level 5:colcon.colcon_core.verb:set package 'irb120pe_detection' build argument 'cmake_clean_cache' from command line to 'False'
[0.219s] Level 5:colcon.colcon_core.verb:set package 'irb120pe_detection' build argument 'cmake_clean_first' from command line to 'False'
[0.219s] Level 5:colcon.colcon_core.verb:set package 'irb120pe_detection' build argument 'cmake_force_configure' from command line to 'False'
[0.219s] Level 5:colcon.colcon_core.verb:set package 'irb120pe_detection' build argument 'ament_cmake_args' from command line to 'None'
[0.219s] Level 5:colcon.colcon_core.verb:set package 'irb120pe_detection' build argument 'catkin_cmake_args' from command line to 'None'
[0.219s] Level 5:colcon.colcon_core.verb:set package 'irb120pe_detection' build argument 'catkin_skip_building_tests' from command line to 'False'
[0.219s] DEBUG:colcon.colcon_core.verb:Building package 'irb120pe_detection' with the following arguments: {'ament_cmake_args': None, 'build_base': '/home/irene/dev_ws/src/irb120_PoseEstimation/irb120pe_detection/build/irb120pe_detection', 'catkin_cmake_args': None, 'catkin_skip_building_tests': False, 'cmake_args': None, 'cmake_clean_cache': False, 'cmake_clean_first': False, 'cmake_force_configure': False, 'cmake_target': None, 'cmake_target_skip_unavailable': False, 'install_base': '/home/irene/dev_ws/src/irb120_PoseEstimation/irb120pe_detection/install/irb120pe_detection', 'merge_install': False, 'path': '/home/irene/dev_ws/src/irb120_PoseEstimation/irb120pe_detection', 'symlink_install': False, 'test_result_base': None}
[0.219s] INFO:colcon.colcon_core.executor:Executing jobs using 'parallel' executor
[0.220s] DEBUG:colcon.colcon_parallel_executor.executor.parallel:run_until_complete
[0.221s] INFO:colcon.colcon_ros.task.ament_cmake.build:Building ROS package in '/home/irene/dev_ws/src/irb120_PoseEstimation/irb120pe_detection' with build type 'ament_cmake'
[0.221s] INFO:colcon.colcon_cmake.task.cmake.build:Building CMake package in '/home/irene/dev_ws/src/irb120_PoseEstimation/irb120pe_detection'
[0.223s] INFO:colcon.colcon_core.plugin_system:Skipping extension 'colcon_core.shell.bat': Not used on non-Windows systems
[0.223s] INFO:colcon.colcon_core.shell:Skip shell extension 'powershell' for command environment: Not usable outside of PowerShell
[0.223s] DEBUG:colcon.colcon_core.shell:Skip shell extension 'dsv' for command environment
[0.244s] DEBUG:colcon.colcon_core.event_handler.log_command:Invoking command in '/home/irene/dev_ws/src/irb120_PoseEstimation/irb120pe_detection/build/irb120pe_detection': CMAKE_PREFIX_PATH=${CMAKE_PREFIX_PATH}:/opt/ros/humble /home/irene/.local/bin/cmake --build /home/irene/dev_ws/src/irb120_PoseEstimation/irb120pe_detection/build/irb120pe_detection -- -j20 -l20
[2.541s] DEBUG:colcon.colcon_core.event_handler.log_command:Invoked command in '/home/irene/dev_ws/src/irb120_PoseEstimation/irb120pe_detection/build/irb120pe_detection' returned '2': CMAKE_PREFIX_PATH=${CMAKE_PREFIX_PATH}:/opt/ros/humble /home/irene/.local/bin/cmake --build /home/irene/dev_ws/src/irb120_PoseEstimation/irb120pe_detection/build/irb120pe_detection -- -j20 -l20
[2.570s] Level 1:colcon.colcon_core.environment:create_environment_scripts_only(irb120pe_detection)
[2.573s] Level 1:colcon.colcon_core.environment:checking '/home/irene/dev_ws/src/irb120_PoseEstimation/irb120pe_detection/install/irb120pe_detection' for CMake module files
[2.573s] Level 1:colcon.colcon_core.environment:checking '/home/irene/dev_ws/src/irb120_PoseEstimation/irb120pe_detection/install/irb120pe_detection' for CMake config files
[2.573s] Level 1:colcon.colcon_core.shell:create_environment_hook('irb120pe_detection', 'cmake_prefix_path')
[2.574s] INFO:colcon.colcon_core.shell:Creating environment hook '/home/irene/dev_ws/src/irb120_PoseEstimation/irb120pe_detection/install/irb120pe_detection/share/irb120pe_detection/hook/cmake_prefix_path.ps1'
[2.574s] INFO:colcon.colcon_core.shell:Creating environment descriptor '/home/irene/dev_ws/src/irb120_PoseEstimation/irb120pe_detection/install/irb120pe_detection/share/irb120pe_detection/hook/cmake_prefix_path.dsv'
[2.574s] INFO:colcon.colcon_core.shell:Creating environment hook '/home/irene/dev_ws/src/irb120_PoseEstimation/irb120pe_detection/install/irb120pe_detection/share/irb120pe_detection/hook/cmake_prefix_path.sh'
[2.574s] Level 1:colcon.colcon_core.environment:checking '/home/irene/dev_ws/src/irb120_PoseEstimation/irb120pe_detection/install/irb120pe_detection/lib'
[2.575s] Level 1:colcon.colcon_core.environment:checking '/home/irene/dev_ws/src/irb120_PoseEstimation/irb120pe_detection/install/irb120pe_detection/bin'
[2.575s] Level 1:colcon.colcon_core.environment:checking '/home/irene/dev_ws/src/irb120_PoseEstimation/irb120pe_detection/install/irb120pe_detection/lib/pkgconfig/irb120pe_detection.pc'
[2.575s] Level 1:colcon.colcon_core.environment:checking '/home/irene/dev_ws/src/irb120_PoseEstimation/irb120pe_detection/install/irb120pe_detection/lib/python3.10/site-packages'
[2.575s] Level 1:colcon.colcon_core.environment:checking '/home/irene/dev_ws/src/irb120_PoseEstimation/irb120pe_detection/install/irb120pe_detection/bin'
[2.575s] INFO:colcon.colcon_core.shell:Creating package script '/home/irene/dev_ws/src/irb120_PoseEstimation/irb120pe_detection/install/irb120pe_detection/share/irb120pe_detection/package.ps1'
[2.576s] INFO:colcon.colcon_core.shell:Creating package descriptor '/home/irene/dev_ws/src/irb120_PoseEstimation/irb120pe_detection/install/irb120pe_detection/share/irb120pe_detection/package.dsv'
[2.576s] INFO:colcon.colcon_core.shell:Creating package script '/home/irene/dev_ws/src/irb120_PoseEstimation/irb120pe_detection/install/irb120pe_detection/share/irb120pe_detection/package.sh'
[2.576s] INFO:colcon.colcon_core.shell:Creating package script '/home/irene/dev_ws/src/irb120_PoseEstimation/irb120pe_detection/install/irb120pe_detection/share/irb120pe_detection/package.bash'
[2.577s] INFO:colcon.colcon_core.shell:Creating package script '/home/irene/dev_ws/src/irb120_PoseEstimation/irb120pe_detection/install/irb120pe_detection/share/irb120pe_detection/package.zsh'
[2.577s] Level 1:colcon.colcon_core.environment:create_file_with_runtime_dependencies(/home/irene/dev_ws/src/irb120_PoseEstimation/irb120pe_detection/install/irb120pe_detection/share/colcon-core/packages/irb120pe_detection)
[2.587s] DEBUG:colcon.colcon_parallel_executor.executor.parallel:closing loop
[2.587s] DEBUG:colcon.colcon_parallel_executor.executor.parallel:loop closed
[2.587s] DEBUG:colcon.colcon_parallel_executor.executor.parallel:run_until_complete finished with '2'
[2.587s] DEBUG:colcon.colcon_core.event_reactor:joining thread
[2.590s] INFO:colcon.colcon_core.plugin_system:Skipping extension 'colcon_notification.desktop_notification.terminal_notifier': Not used on non-Darwin systems
[2.590s] INFO:colcon.colcon_core.plugin_system:Skipping extension 'colcon_notification.desktop_notification.win32': Not used on non-Windows systems
[2.590s] INFO:colcon.colcon_notification.desktop_notification:Sending desktop notification using 'notify2'
[2.599s] DEBUG:colcon.colcon_core.event_reactor:joined thread
[2.600s] INFO:colcon.colcon_core.shell:Creating prefix script '/home/irene/dev_ws/src/irb120_PoseEstimation/irb120pe_detection/install/local_setup.ps1'
[2.600s] INFO:colcon.colcon_core.shell:Creating prefix util module '/home/irene/dev_ws/src/irb120_PoseEstimation/irb120pe_detection/install/_local_setup_util_ps1.py'
[2.601s] INFO:colcon.colcon_core.shell:Creating prefix chain script '/home/irene/dev_ws/src/irb120_PoseEstimation/irb120pe_detection/install/setup.ps1'
[2.602s] INFO:colcon.colcon_core.shell:Creating prefix script '/home/irene/dev_ws/src/irb120_PoseEstimation/irb120pe_detection/install/local_setup.sh'
[2.602s] INFO:colcon.colcon_core.shell:Creating prefix util module '/home/irene/dev_ws/src/irb120_PoseEstimation/irb120pe_detection/install/_local_setup_util_sh.py'
[2.602s] INFO:colcon.colcon_core.shell:Creating prefix chain script '/home/irene/dev_ws/src/irb120_PoseEstimation/irb120pe_detection/install/setup.sh'
[2.603s] INFO:colcon.colcon_core.shell:Creating prefix script '/home/irene/dev_ws/src/irb120_PoseEstimation/irb120pe_detection/install/local_setup.bash'
[2.604s] INFO:colcon.colcon_core.shell:Creating prefix chain script '/home/irene/dev_ws/src/irb120_PoseEstimation/irb120pe_detection/install/setup.bash'
[2.605s] INFO:colcon.colcon_core.shell:Creating prefix script '/home/irene/dev_ws/src/irb120_PoseEstimation/irb120pe_detection/install/local_setup.zsh'
[2.605s] INFO:colcon.colcon_core.shell:Creating prefix chain script '/home/irene/dev_ws/src/irb120_PoseEstimation/irb120pe_detection/install/setup.zsh'
