[0.008s] Invoking command in '/home/irene/dev_ws/src/irb120_PoseEstimation/irb120pe_detection/build/irb120pe_detection': CMAKE_PREFIX_PATH=${CMAKE_PREFIX_PATH}:/opt/ros/humble /home/irene/.local/bin/cmake --build /home/irene/dev_ws/src/irb120_PoseEstimation/irb120pe_detection/build/irb120pe_detection -- -j20 -l20
[0.036s] [ 50%] Built target calibration
[0.036s] [100%] Built target poseestimation
[0.041s] Invoked command in '/home/irene/dev_ws/src/irb120_PoseEstimation/irb120pe_detection/build/irb120pe_detection' returned '0': CMAKE_PREFIX_PATH=${CMAKE_PREFIX_PATH}:/opt/ros/humble /home/irene/.local/bin/cmake --build /home/irene/dev_ws/src/irb120_PoseEstimation/irb120pe_detection/build/irb120pe_detection -- -j20 -l20
[0.087s] Invoking command in '/home/irene/dev_ws/src/irb120_PoseEstimation/irb120pe_detection/build/irb120pe_detection': CMAKE_PREFIX_PATH=${CMAKE_PREFIX_PATH}:/opt/ros/humble /home/irene/.local/bin/cmake --install /home/irene/dev_ws/src/irb120_PoseEstimation/irb120pe_detection/build/irb120pe_detection
[0.101s] -- Install configuration: ""
[0.101s] -- Up-to-date: /home/irene/dev_ws/src/irb120_PoseEstimation/irb120pe_detection/install/irb120pe_detection/lib/irb120pe_detection/calibration
[0.101s] -- Up-to-date: /home/irene/dev_ws/src/irb120_PoseEstimation/irb120pe_detection/install/irb120pe_detection/lib/irb120pe_detection/poseestimation
[0.101s] -- Up-to-date: /home/irene/dev_ws/src/irb120_PoseEstimation/irb120pe_detection/install/irb120pe_detection/share/irb120pe_detection/python
[0.101s] -- Up-to-date: /home/irene/dev_ws/src/irb120_PoseEstimation/irb120pe_detection/install/irb120pe_detection/share/irb120pe_detection/python/yolo2.py
[0.101s] -- Up-to-date: /home/irene/dev_ws/src/irb120_PoseEstimation/irb120pe_detection/install/irb120pe_detection/share/irb120pe_detection/python/yolo1.py
[0.101s] -- Up-to-date: /home/irene/dev_ws/src/irb120_PoseEstimation/irb120pe_detection/install/irb120pe_detection/lib/irb120pe_detection/yolo1.py
[0.101s] -- Up-to-date: /home/irene/dev_ws/src/irb120_PoseEstimation/irb120pe_detection/install/irb120pe_detection/lib/irb120pe_detection/yolo2.py
[0.101s] -- Up-to-date: /home/irene/dev_ws/src/irb120_PoseEstimation/irb120pe_detection/install/irb120pe_detection/share/ament_index/resource_index/package_run_dependencies/irb120pe_detection
[0.101s] -- Up-to-date: /home/irene/dev_ws/src/irb120_PoseEstimation/irb120pe_detection/install/irb120pe_detection/share/ament_index/resource_index/parent_prefix_path/irb120pe_detection
[0.101s] -- Up-to-date: /home/irene/dev_ws/src/irb120_PoseEstimation/irb120pe_detection/install/irb120pe_detection/share/irb120pe_detection/environment/ament_prefix_path.sh
[0.101s] -- Up-to-date: /home/irene/dev_ws/src/irb120_PoseEstimation/irb120pe_detection/install/irb120pe_detection/share/irb120pe_detection/environment/ament_prefix_path.dsv
[0.102s] -- Up-to-date: /home/irene/dev_ws/src/irb120_PoseEstimation/irb120pe_detection/install/irb120pe_detection/share/irb120pe_detection/environment/path.sh
[0.102s] -- Up-to-date: /home/irene/dev_ws/src/irb120_PoseEstimation/irb120pe_detection/install/irb120pe_detection/share/irb120pe_detection/environment/path.dsv
[0.102s] -- Up-to-date: /home/irene/dev_ws/src/irb120_PoseEstimation/irb120pe_detection/install/irb120pe_detection/share/irb120pe_detection/local_setup.bash
[0.102s] -- Up-to-date: /home/irene/dev_ws/src/irb120_PoseEstimation/irb120pe_detection/install/irb120pe_detection/share/irb120pe_detection/local_setup.sh
[0.102s] -- Up-to-date: /home/irene/dev_ws/src/irb120_PoseEstimation/irb120pe_detection/install/irb120pe_detection/share/irb120pe_detection/local_setup.zsh
[0.102s] -- Up-to-date: /home/irene/dev_ws/src/irb120_PoseEstimation/irb120pe_detection/install/irb120pe_detection/share/irb120pe_detection/local_setup.dsv
[0.102s] -- Installing: /home/irene/dev_ws/src/irb120_PoseEstimation/irb120pe_detection/install/irb120pe_detection/share/irb120pe_detection/package.dsv
[0.102s] -- Up-to-date: /home/irene/dev_ws/src/irb120_PoseEstimation/irb120pe_detection/install/irb120pe_detection/share/ament_index/resource_index/packages/irb120pe_detection
[0.102s] -- Up-to-date: /home/irene/dev_ws/src/irb120_PoseEstimation/irb120pe_detection/install/irb120pe_detection/share/irb120pe_detection/cmake/irb120pe_detectionConfig.cmake
[0.102s] -- Up-to-date: /home/irene/dev_ws/src/irb120_PoseEstimation/irb120pe_detection/install/irb120pe_detection/share/irb120pe_detection/cmake/irb120pe_detectionConfig-version.cmake
[0.102s] -- Up-to-date: /home/irene/dev_ws/src/irb120_PoseEstimation/irb120pe_detection/install/irb120pe_detection/share/irb120pe_detection/package.xml
[0.104s] Invoked command in '/home/irene/dev_ws/src/irb120_PoseEstimation/irb120pe_detection/build/irb120pe_detection' returned '0': CMAKE_PREFIX_PATH=${CMAKE_PREFIX_PATH}:/opt/ros/humble /home/irene/.local/bin/cmake --install /home/irene/dev_ws/src/irb120_PoseEstimation/irb120pe_detection/build/irb120pe_detection
